PLUMED: PLUMED is starting
PLUMED: Version: 2.9.2 (git: Unknown) compiled on Dec 19 2024 at 08:52:21
PLUMED: Please cite these papers when using PLUMED [1][2]
PLUMED: For further information see the PLUMED web page at http://www.plumed.org
PLUMED: Root: /opt/software/pc2/EB-SW/software/PLUMED/2.9.2-foss-2023b/lib/plumed
PLUMED: For installed feature, see /opt/software/pc2/EB-SW/software/PLUMED/2.9.2-foss-2023b/lib/plumed/src/config/config.txt
PLUMED: Molecular dynamics engine: LAMMPS
PLUMED: Precision of reals: 8
PLUMED: Running over 1 node
PLUMED: Number of threads: 128
PLUMED: Cache line size: 512
PLUMED: Number of atoms: 2160
PLUMED: File suffix: 
PLUMED: FILE: plumed.start.dat
PLUMED: Action INCLUDE
PLUMED:   with label @0
PLUMED: FILE: plumed.smooth.dat
PLUMED: Action ENVIRONMENTSIMILARITY
PLUMED:   with label refcv
PLUMED:   Please read and cite [3]
PLUMED:   targeting the BCC crystal structure with lattice constants 0.340727
PLUMED:   maximum distance in the reference environment is 0.340727
PLUMED:   representing local density as a sum of Gaussians with standard deviation 0.070000
PLUMED:   keyword SPECIES takes atoms : 1441 1442 1443 1444 1445 1446 1447 1448 1449 1450 1451 1452 1453 1454 1455 1456 1457 1458 1459 1460 1461 1462 1463 1464 1465 1466 1467 1468 1469 1470 1471 1472 1473 1474 1475 1476 1477 1478 1479 1480 1481 1482 1483 1484 1485 1486 1487 1488 1489 1490 1491 1492 1493 1494 1495 1496 1497 1498 1499 1500 1501 1502 1503 1504 1505 1506 1507 1508 1509 1510 1511 1512 1513 1514 1515 1516 1517 1518 1519 1520 1521 1522 1523 1524 1525 1526 1527 1528 1529 1530 1531 1532 1533 1534 1535 1536 1537 1538 1539 1540 1541 1542 1543 1544 1545 1546 1547 1548 1549 1550 1551 1552 1553 1554 1555 1556 1557 1558 1559 1560 1561 1562 1563 1564 1565 1566 1567 1568 1569 1570 1571 1572 1573 1574 1575 1576 1577 1578 1579 1580 1581 1582 1583 1584 1585 1586 1587 1588 1589 1590 1591 1592 1593 1594 1595 1596 1597 1598 1599 1600 1601 1602 1603 1604 1605 1606 1607 1608 1609 1610 1611 1612 1613 1614 1615 1616 1617 1618 1619 1620 1621 1622 1623 1624 1625 1626 1627 1628 1629 1630 1631 1632 1633 1634 1635 1636 1637 1638 1639 1640 1641 1642 1643 1644 1645 1646 1647 1648 1649 1650 1651 1652 1653 1654 1655 1656 1657 1658 1659 1660 1661 1662 1663 1664 1665 1666 1667 1668 1669 1670 1671 1672 1673 1674 1675 1676 1677 1678 1679 1680 1681 1682 1683 1684 1685 1686 1687 1688 1689 1690 1691 1692 1693 1694 1695 1696 1697 1698 1699 1700 1701 1702 1703 1704 1705 1706 1707 1708 1709 1710 1711 1712 1713 1714 1715 1716 1717 1718 1719 1720 1721 1722 1723 1724 1725 1726 1727 1728 1729 1730 1731 1732 1733 1734 1735 1736 1737 1738 1739 1740 1741 1742 1743 1744 1745 1746 1747 1748 1749 1750 1751 1752 1753 1754 1755 1756 1757 1758 1759 1760 1761 1762 1763 1764 1765 1766 1767 1768 1769 1770 1771 1772 1773 1774 1775 1776 1777 1778 1779 1780 1781 1782 1783 1784 1785 1786 1787 1788 1789 1790 1791 1792 1793 1794 1795 1796 1797 1798 1799 1800 1801 1802 1803 1804 1805 1806 1807 1808 1809 1810 1811 1812 1813 1814 1815 1816 1817 1818 1819 1820 1821 1822 1823 1824 1825 1826 1827 1828 1829 1830 1831 1832 1833 1834 1835 1836 1837 1838 1839 1840 1841 1842 1843 1844 1845 1846 1847 1848 1849 1850 1851 1852 1853 1854 1855 1856 1857 1858 1859 1860 1861 1862 1863 1864 1865 1866 1867 1868 1869 1870 1871 1872 1873 1874 1875 1876 1877 1878 1879 1880 1881 1882 1883 1884 1885 1886 1887 1888 1889 1890 1891 1892 1893 1894 1895 1896 1897 1898 1899 1900 1901 1902 1903 1904 1905 1906 1907 1908 1909 1910 1911 1912 1913 1914 1915 1916 1917 1918 1919 1920 1921 1922 1923 1924 1925 1926 1927 1928 1929 1930 1931 1932 1933 1934 1935 1936 1937 1938 1939 1940 1941 1942 1943 1944 1945 1946 1947 1948 1949 1950 1951 1952 1953 1954 1955 1956 1957 1958 1959 1960 1961 1962 1963 1964 1965 1966 1967 1968 1969 1970 1971 1972 1973 1974 1975 1976 1977 1978 1979 1980 1981 1982 1983 1984 1985 1986 1987 1988 1989 1990 1991 1992 1993 1994 1995 1996 1997 1998 1999 2000 2001 2002 2003 2004 2005 2006 2007 2008 2009 2010 2011 2012 2013 2014 2015 2016 2017 2018 2019 2020 2021 2022 2023 2024 2025 2026 2027 2028 2029 2030 2031 2032 2033 2034 2035 2036 2037 2038 2039 2040 2041 2042 2043 2044 2045 2046 2047 2048 2049 2050 2051 2052 2053 2054 2055 2056 2057 2058 2059 2060 2061 2062 2063 2064 2065 2066 2067 2068 2069 2070 2071 2072 2073 2074 2075 2076 2077 2078 2079 2080 2081 2082 2083 2084 2085 2086 2087 2088 2089 2090 2091 2092 2093 2094 2095 2096 2097 2098 2099 2100 2101 2102 2103 2104 2105 2106 2107 2108 2109 2110 2111 2112 2113 2114 2115 2116 2117 2118 2119 2120 2121 2122 2123 2124 2125 2126 2127 2128 2129 2130 2131 2132 2133 2134 2135 2136 2137 2138 2139 2140 2141 2142 2143 2144 2145 2146 2147 2148 2149 2150 2151 2152 2153 2154 2155 2156 2157 2158 2159 2160 
PLUMED:   added component to this action:  refcv.mean 
PLUMED:   value refcv.mean is obtained by taking the 1th component and finding the mean value
PLUMED:   added component to this action:  refcv.morethan 
PLUMED:   value refcv.morethan is obtained by taking the 1th component and finding the number of values more than 0.36625.  Using cubic switching function with parameters d0=0.69 dmax=1.05625
PLUMED: END FILE: plumed.smooth.dat
PLUMED: Action ECV_UMBRELLAS_LINE
PLUMED:   with label umb1
PLUMED:   with arguments refcv.morethan
PLUMED:   temperature = 450, beta = 0.267272
PLUMED:   added component to this action:  umb1.refcv.morethan 
PLUMED:   total number of umbrellas = 73
PLUMED:     with SIGMA = 1
PLUMED:     and SPACING = 1
PLUMED:   guess for free energy BARRIER = 50
PLUMED: Action OPES_EXPANDED
PLUMED:   with label opes
PLUMED:   with arguments umb1.refcv.morethan
PLUMED:   added component to this action:  opes.bias 
PLUMED:   multiple time step 2 [4]
PLUMED:   updating the bias with PACE = 500
PLUMED:   initial unbiased OBSERVATION_STEPS = 100 (in units of PACE)
PLUMED:  -- WALKERS_MPI: if multiple replicas are present, they will share the same bias via MPI
PLUMED:   using multiple OpenMP threads per simulation: 128
PLUMED:   Bibliography: [5]
PLUMED: Action UPPER_WALLS
PLUMED:   with label uwall
PLUMED:   with arguments refcv.morethan
PLUMED:   added component to this action:  uwall.bias 
PLUMED:   multiple time step 2 [4]
PLUMED:   at 437.000000
PLUMED:   with an offset 0.000000
PLUMED:   with force constant 1.000000
PLUMED:   and exponent 2.000000
PLUMED:   rescaled 1.000000
PLUMED:   added component to this action:  uwall.force2 
PLUMED: Action LOWER_WALLS
PLUMED:   with label lwall
PLUMED:   with arguments refcv.morethan
PLUMED:   added component to this action:  lwall.bias 
PLUMED:   multiple time step 2 [4]
PLUMED:   at 355.000000
PLUMED:   with an offset 0.000000
PLUMED:   with force constant 1.000000
PLUMED:   and exponent 2.000000
PLUMED:   rescaled 1.000000
PLUMED:   added component to this action:  lwall.force2 
PLUMED: Action INCLUDE
PLUMED:   with label @6
PLUMED: FILE: plumed.strict.dat
PLUMED: Action ENVIRONMENTSIMILARITY
PLUMED:   with label refcv2
PLUMED:   Please read and cite [3]
PLUMED:   targeting the BCC crystal structure with lattice constants 0.340727
PLUMED:   maximum distance in the reference environment is 0.340727
PLUMED:   representing local density as a sum of Gaussians with standard deviation 0.070000
PLUMED:   keyword SPECIES takes atoms : 1441 1442 1443 1444 1445 1446 1447 1448 1449 1450 1451 1452 1453 1454 1455 1456 1457 1458 1459 1460 1461 1462 1463 1464 1465 1466 1467 1468 1469 1470 1471 1472 1473 1474 1475 1476 1477 1478 1479 1480 1481 1482 1483 1484 1485 1486 1487 1488 1489 1490 1491 1492 1493 1494 1495 1496 1497 1498 1499 1500 1501 1502 1503 1504 1505 1506 1507 1508 1509 1510 1511 1512 1513 1514 1515 1516 1517 1518 1519 1520 1521 1522 1523 1524 1525 1526 1527 1528 1529 1530 1531 1532 1533 1534 1535 1536 1537 1538 1539 1540 1541 1542 1543 1544 1545 1546 1547 1548 1549 1550 1551 1552 1553 1554 1555 1556 1557 1558 1559 1560 1561 1562 1563 1564 1565 1566 1567 1568 1569 1570 1571 1572 1573 1574 1575 1576 1577 1578 1579 1580 1581 1582 1583 1584 1585 1586 1587 1588 1589 1590 1591 1592 1593 1594 1595 1596 1597 1598 1599 1600 1601 1602 1603 1604 1605 1606 1607 1608 1609 1610 1611 1612 1613 1614 1615 1616 1617 1618 1619 1620 1621 1622 1623 1624 1625 1626 1627 1628 1629 1630 1631 1632 1633 1634 1635 1636 1637 1638 1639 1640 1641 1642 1643 1644 1645 1646 1647 1648 1649 1650 1651 1652 1653 1654 1655 1656 1657 1658 1659 1660 1661 1662 1663 1664 1665 1666 1667 1668 1669 1670 1671 1672 1673 1674 1675 1676 1677 1678 1679 1680 1681 1682 1683 1684 1685 1686 1687 1688 1689 1690 1691 1692 1693 1694 1695 1696 1697 1698 1699 1700 1701 1702 1703 1704 1705 1706 1707 1708 1709 1710 1711 1712 1713 1714 1715 1716 1717 1718 1719 1720 1721 1722 1723 1724 1725 1726 1727 1728 1729 1730 1731 1732 1733 1734 1735 1736 1737 1738 1739 1740 1741 1742 1743 1744 1745 1746 1747 1748 1749 1750 1751 1752 1753 1754 1755 1756 1757 1758 1759 1760 1761 1762 1763 1764 1765 1766 1767 1768 1769 1770 1771 1772 1773 1774 1775 1776 1777 1778 1779 1780 1781 1782 1783 1784 1785 1786 1787 1788 1789 1790 1791 1792 1793 1794 1795 1796 1797 1798 1799 1800 1801 1802 1803 1804 1805 1806 1807 1808 1809 1810 1811 1812 1813 1814 1815 1816 1817 1818 1819 1820 1821 1822 1823 1824 1825 1826 1827 1828 1829 1830 1831 1832 1833 1834 1835 1836 1837 1838 1839 1840 1841 1842 1843 1844 1845 1846 1847 1848 1849 1850 1851 1852 1853 1854 1855 1856 1857 1858 1859 1860 1861 1862 1863 1864 1865 1866 1867 1868 1869 1870 1871 1872 1873 1874 1875 1876 1877 1878 1879 1880 1881 1882 1883 1884 1885 1886 1887 1888 1889 1890 1891 1892 1893 1894 1895 1896 1897 1898 1899 1900 1901 1902 1903 1904 1905 1906 1907 1908 1909 1910 1911 1912 1913 1914 1915 1916 1917 1918 1919 1920 1921 1922 1923 1924 1925 1926 1927 1928 1929 1930 1931 1932 1933 1934 1935 1936 1937 1938 1939 1940 1941 1942 1943 1944 1945 1946 1947 1948 1949 1950 1951 1952 1953 1954 1955 1956 1957 1958 1959 1960 1961 1962 1963 1964 1965 1966 1967 1968 1969 1970 1971 1972 1973 1974 1975 1976 1977 1978 1979 1980 1981 1982 1983 1984 1985 1986 1987 1988 1989 1990 1991 1992 1993 1994 1995 1996 1997 1998 1999 2000 2001 2002 2003 2004 2005 2006 2007 2008 2009 2010 2011 2012 2013 2014 2015 2016 2017 2018 2019 2020 2021 2022 2023 2024 2025 2026 2027 2028 2029 2030 2031 2032 2033 2034 2035 2036 2037 2038 2039 2040 2041 2042 2043 2044 2045 2046 2047 2048 2049 2050 2051 2052 2053 2054 2055 2056 2057 2058 2059 2060 2061 2062 2063 2064 2065 2066 2067 2068 2069 2070 2071 2072 2073 2074 2075 2076 2077 2078 2079 2080 2081 2082 2083 2084 2085 2086 2087 2088 2089 2090 2091 2092 2093 2094 2095 2096 2097 2098 2099 2100 2101 2102 2103 2104 2105 2106 2107 2108 2109 2110 2111 2112 2113 2114 2115 2116 2117 2118 2119 2120 2121 2122 2123 2124 2125 2126 2127 2128 2129 2130 2131 2132 2133 2134 2135 2136 2137 2138 2139 2140 2141 2142 2143 2144 2145 2146 2147 2148 2149 2150 2151 2152 2153 2154 2155 2156 2157 2158 2159 2160 
PLUMED:   added component to this action:  refcv2.mean 
PLUMED:   value refcv2.mean is obtained by taking the 1th component and finding the mean value
PLUMED:   added component to this action:  refcv2.morethan 
PLUMED:   value refcv2.morethan is obtained by taking the 1th component and finding the number of values more than 1e-08.  Using cubic switching function with parameters d0=0.8731 dmax=0.8731
PLUMED: END FILE: plumed.strict.dat
PLUMED: Action PRINT
PLUMED:   with label @8
PLUMED:   with stride 500
PLUMED:   with arguments refcv.mean refcv.morethan umb1.refcv.morethan opes.bias uwall.bias uwall.force2 lwall.bias lwall.force2 refcv2.mean refcv2.morethan
PLUMED:   on file COLVAR
PLUMED:   with format  %f
PLUMED: END FILE: plumed.start.dat
PLUMED: Timestep: 0.000500
PLUMED: KbT has not been set by the MD engine
PLUMED: It should be set by hand where needed
PLUMED: Relevant bibliography:
PLUMED:   [1] The PLUMED consortium, Nat. Methods 16, 670 (2019)
PLUMED:   [2] Tribello, Bonomi, Branduardi, Camilloni, and Bussi, Comput. Phys. Commun. 185, 604 (2014)
PLUMED:   [3] Piaggi and Parrinello, J. Chem. Phys. 150 (24), 244119 (2019)
PLUMED:   [4] Ferrarotti, Bottaro, Perez-Villa, and Bussi, J. Chem. Theory Comput. 11, 139 (2015)
PLUMED:   [5] M. Invernizzi, P.M. Piaggi, and M. Parrinello, Phys. Rev. X 10, 041034 (2020)
PLUMED: Please read and cite where appropriate!
PLUMED: Finished setup
PLUMED: 
PLUMED: Action OPES_EXPANDED
PLUMED:   *  73 windows for ECV_UMBRELLAS_LINE
PLUMED:  ->  73 DeltaFs in total
PLUMED: Finished initialization
PLUMED: 
PLUMED:                                               Cycles        Total      Average      Minimum      Maximum
PLUMED:                                                    1 42111.527312 42111.527312 42111.527312 42111.527312
PLUMED: 1 Prepare dependencies                      20000001    16.699981     0.000001     0.000000     0.000121
PLUMED: 2 Sharing data                              10000000   127.856900     0.000013     0.000011     0.010752
PLUMED: 3 Waiting for data                          10000000    60.815348     0.000006     0.000005     0.006152
PLUMED: 4 Calculating (forward loop)                10000000 41191.522498     0.004119     0.001020     0.153669
PLUMED: 5 Applying (backward loop)                  10000000   215.423208     0.000022     0.000015     0.006158
PLUMED: 6 Update                                    10000000   395.409781     0.000040     0.000000   347.500371
