PLUMED: PLUMED is starting
PLUMED: Version: 2.9.2 (git: Unknown) compiled on Dec 19 2024 at 08:52:21
PLUMED: Please cite these papers when using PLUMED [1][2]
PLUMED: For further information see the PLUMED web page at http://www.plumed.org
PLUMED: Root: /opt/software/pc2/EB-SW/software/PLUMED/2.9.2-foss-2023b/lib/plumed
PLUMED: For installed feature, see /opt/software/pc2/EB-SW/software/PLUMED/2.9.2-foss-2023b/lib/plumed/src/config/config.txt
PLUMED: Molecular dynamics engine: LAMMPS
PLUMED: Precision of reals: 8
PLUMED: Running over 1 node
PLUMED: Number of threads: 64
PLUMED: Cache line size: 512
PLUMED: Number of atoms: 384
PLUMED: File suffix: 
PLUMED: FILE: plumed.dat
PLUMED: Action ENVIRONMENTSIMILARITY
PLUMED:   with label s
PLUMED:   Please read and cite [3]
PLUMED:   targeting the BCC crystal structure with lattice constants 0.340700
PLUMED:   maximum distance in the reference environment is 0.340700
PLUMED:   representing local density as a sum of Gaussians with standard deviation 0.070000
PLUMED:   keyword SPECIES takes atoms : 257 258 259 260 261 262 263 264 265 266 267 268 269 270 271 272 273 274 275 276 277 278 279 280 281 282 283 284 285 286 287 288 289 290 291 292 293 294 295 296 297 298 299 300 301 302 303 304 305 306 307 308 309 310 311 312 313 314 315 316 317 318 319 320 321 322 323 324 325 326 327 328 329 330 331 332 333 334 335 336 337 338 339 340 341 342 343 344 345 346 347 348 349 350 351 352 353 354 355 356 357 358 359 360 361 362 363 364 365 366 367 368 369 370 371 372 373 374 375 376 377 378 379 380 381 382 383 384 
PLUMED:   added component to this action:  s.mean 
PLUMED:   value s.mean is obtained by taking the 1th component and finding the mean value
PLUMED: Action HISTOGRAM
PLUMED:   with label hh
PLUMED:   with stride 500
PLUMED:   weights are all equal to one
PLUMED:   for all base quantities calculated by s 
PLUMED:   grid of 2001 equally spaced points between (-0.5) and (2)
PLUMED: Action DUMPGRID
PLUMED:   with label @2
PLUMED:   with stride 1000
PLUMED:   outputting grid calculated by action hh to file named histo with format %f 
PLUMED:   outputting data for replicas 0 Action PRINT
PLUMED:   with label @3
PLUMED:   with stride 500
PLUMED:   with arguments s.mean
PLUMED:   on file COLVAR
PLUMED:   with format  %f
PLUMED: END FILE: plumed.dat
PLUMED: Timestep: 0.000500
PLUMED: KbT has not been set by the MD engine
PLUMED: It should be set by hand where needed
PLUMED: Relevant bibliography:
PLUMED:   [1] The PLUMED consortium, Nat. Methods 16, 670 (2019)
PLUMED:   [2] Tribello, Bonomi, Branduardi, Camilloni, and Bussi, Comput. Phys. Commun. 185, 604 (2014)
PLUMED:   [3] Piaggi and Parrinello, J. Chem. Phys. 150 (24), 244119 (2019)
PLUMED: Please read and cite where appropriate!
PLUMED: Finished setup
PLUMED:                                               Cycles        Total      Average      Minimum      Maximum
PLUMED:                                                    1     0.936562     0.936562     0.936562     0.936562
PLUMED: 1 Prepare dependencies                         20001     0.007500     0.000000     0.000000     0.000007
PLUMED: 2 Sharing data                                    40     0.017552     0.000439     0.000007     0.017203
PLUMED: 3 Waiting for data                                40     0.000151     0.000004     0.000002     0.000072
PLUMED: 4 Calculating (forward loop)                      40     0.320433     0.008011     0.000349     0.050965
PLUMED: 5 Applying (backward loop)                        40     0.000151     0.000004     0.000003     0.000016
PLUMED: 6 Update                                          40     0.489785     0.012245     0.000196     0.031141
